ARM GAS  /tmp/cc0c2dXc.s 			page 1


   1              		.cpu cortex-m4
   2              		.arch armv7e-m
   3              		.fpu fpv4-sp-d16
   4              		.eabi_attribute 27, 1
   5              		.eabi_attribute 28, 1
   6              		.eabi_attribute 20, 1
   7              		.eabi_attribute 21, 1
   8              		.eabi_attribute 23, 3
   9              		.eabi_attribute 24, 1
  10              		.eabi_attribute 25, 1
  11              		.eabi_attribute 26, 1
  12              		.eabi_attribute 30, 1
  13              		.eabi_attribute 34, 1
  14              		.eabi_attribute 18, 4
  15              		.file	"can.c"
  16              		.text
  17              	.Ltext0:
  18              		.cfi_sections	.debug_frame
  19              		.section	.text.MX_CAN1_Init,"ax",%progbits
  20              		.align	1
  21              		.global	MX_CAN1_Init
  22              		.syntax unified
  23              		.thumb
  24              		.thumb_func
  26              	MX_CAN1_Init:
  27              	.LFB216:
  28              		.file 1 "Core/Src/can.c"
   1:Core/Src/can.c **** /* USER CODE BEGIN Header */
   2:Core/Src/can.c **** /**
   3:Core/Src/can.c ****   ******************************************************************************
   4:Core/Src/can.c ****   * @file    can.c
   5:Core/Src/can.c ****   * @brief   This file provides code for the configuration
   6:Core/Src/can.c ****   *          of the CAN instances.
   7:Core/Src/can.c ****   ******************************************************************************
   8:Core/Src/can.c ****   * @attention
   9:Core/Src/can.c ****   *
  10:Core/Src/can.c ****   * Copyright (c) 2023 STMicroelectronics.
  11:Core/Src/can.c ****   * All rights reserved.
  12:Core/Src/can.c ****   *
  13:Core/Src/can.c ****   * This software is licensed under terms that can be found in the LICENSE file
  14:Core/Src/can.c ****   * in the root directory of this software component.
  15:Core/Src/can.c ****   * If no LICENSE file comes with this software, it is provided AS-IS.
  16:Core/Src/can.c ****   *
  17:Core/Src/can.c ****   ******************************************************************************
  18:Core/Src/can.c ****   */
  19:Core/Src/can.c **** /* USER CODE END Header */
  20:Core/Src/can.c **** /* Includes ------------------------------------------------------------------*/
  21:Core/Src/can.c **** #include "can.h"
  22:Core/Src/can.c **** 
  23:Core/Src/can.c **** /* USER CODE BEGIN 0 */
  24:Core/Src/can.c **** 
  25:Core/Src/can.c **** /* USER CODE END 0 */
  26:Core/Src/can.c **** 
  27:Core/Src/can.c **** CAN_HandleTypeDef hcan1;
  28:Core/Src/can.c **** CAN_HandleTypeDef hcan3;
  29:Core/Src/can.c **** 
  30:Core/Src/can.c **** /* CAN1 init function */
ARM GAS  /tmp/cc0c2dXc.s 			page 2


  31:Core/Src/can.c **** void MX_CAN1_Init(void)
  32:Core/Src/can.c **** {
  29              		.loc 1 32 1 view -0
  30              		.cfi_startproc
  31              		@ args = 0, pretend = 0, frame = 0
  32              		@ frame_needed = 0, uses_anonymous_args = 0
  33 0000 08B5     		push	{r3, lr}
  34              	.LCFI0:
  35              		.cfi_def_cfa_offset 8
  36              		.cfi_offset 3, -8
  37              		.cfi_offset 14, -4
  33:Core/Src/can.c **** 
  34:Core/Src/can.c ****   /* USER CODE BEGIN CAN1_Init 0 */
  35:Core/Src/can.c **** 
  36:Core/Src/can.c ****   /* USER CODE END CAN1_Init 0 */
  37:Core/Src/can.c **** 
  38:Core/Src/can.c ****   /* USER CODE BEGIN CAN1_Init 1 */
  39:Core/Src/can.c **** 
  40:Core/Src/can.c ****   /* USER CODE END CAN1_Init 1 */
  41:Core/Src/can.c ****   hcan1.Instance = CAN1;
  38              		.loc 1 41 3 view .LVU1
  39              		.loc 1 41 18 is_stmt 0 view .LVU2
  40 0002 0B48     		ldr	r0, .L5
  41 0004 0B4B     		ldr	r3, .L5+4
  42 0006 0360     		str	r3, [r0]
  42:Core/Src/can.c ****   hcan1.Init.Prescaler = 16;
  43              		.loc 1 42 3 is_stmt 1 view .LVU3
  44              		.loc 1 42 24 is_stmt 0 view .LVU4
  45 0008 1023     		movs	r3, #16
  46 000a 4360     		str	r3, [r0, #4]
  43:Core/Src/can.c ****   hcan1.Init.Mode = CAN_MODE_NORMAL;
  47              		.loc 1 43 3 is_stmt 1 view .LVU5
  48              		.loc 1 43 19 is_stmt 0 view .LVU6
  49 000c 0023     		movs	r3, #0
  50 000e 8360     		str	r3, [r0, #8]
  44:Core/Src/can.c ****   hcan1.Init.SyncJumpWidth = CAN_SJW_1TQ;
  51              		.loc 1 44 3 is_stmt 1 view .LVU7
  52              		.loc 1 44 28 is_stmt 0 view .LVU8
  53 0010 C360     		str	r3, [r0, #12]
  45:Core/Src/can.c ****   hcan1.Init.TimeSeg1 = CAN_BS1_1TQ;
  54              		.loc 1 45 3 is_stmt 1 view .LVU9
  55              		.loc 1 45 23 is_stmt 0 view .LVU10
  56 0012 0361     		str	r3, [r0, #16]
  46:Core/Src/can.c ****   hcan1.Init.TimeSeg2 = CAN_BS2_1TQ;
  57              		.loc 1 46 3 is_stmt 1 view .LVU11
  58              		.loc 1 46 23 is_stmt 0 view .LVU12
  59 0014 4361     		str	r3, [r0, #20]
  47:Core/Src/can.c ****   hcan1.Init.TimeTriggeredMode = DISABLE;
  60              		.loc 1 47 3 is_stmt 1 view .LVU13
  61              		.loc 1 47 32 is_stmt 0 view .LVU14
  62 0016 0376     		strb	r3, [r0, #24]
  48:Core/Src/can.c ****   hcan1.Init.AutoBusOff = DISABLE;
  63              		.loc 1 48 3 is_stmt 1 view .LVU15
  64              		.loc 1 48 25 is_stmt 0 view .LVU16
  65 0018 4376     		strb	r3, [r0, #25]
  49:Core/Src/can.c ****   hcan1.Init.AutoWakeUp = DISABLE;
  66              		.loc 1 49 3 is_stmt 1 view .LVU17
ARM GAS  /tmp/cc0c2dXc.s 			page 3


  67              		.loc 1 49 25 is_stmt 0 view .LVU18
  68 001a 8376     		strb	r3, [r0, #26]
  50:Core/Src/can.c ****   hcan1.Init.AutoRetransmission = DISABLE;
  69              		.loc 1 50 3 is_stmt 1 view .LVU19
  70              		.loc 1 50 33 is_stmt 0 view .LVU20
  71 001c C376     		strb	r3, [r0, #27]
  51:Core/Src/can.c ****   hcan1.Init.ReceiveFifoLocked = DISABLE;
  72              		.loc 1 51 3 is_stmt 1 view .LVU21
  73              		.loc 1 51 32 is_stmt 0 view .LVU22
  74 001e 0377     		strb	r3, [r0, #28]
  52:Core/Src/can.c ****   hcan1.Init.TransmitFifoPriority = DISABLE;
  75              		.loc 1 52 3 is_stmt 1 view .LVU23
  76              		.loc 1 52 35 is_stmt 0 view .LVU24
  77 0020 4377     		strb	r3, [r0, #29]
  53:Core/Src/can.c ****   if (HAL_CAN_Init(&hcan1) != HAL_OK)
  78              		.loc 1 53 3 is_stmt 1 view .LVU25
  79              		.loc 1 53 7 is_stmt 0 view .LVU26
  80 0022 FFF7FEFF 		bl	HAL_CAN_Init
  81              	.LVL0:
  82              		.loc 1 53 6 view .LVU27
  83 0026 00B9     		cbnz	r0, .L4
  84              	.L1:
  54:Core/Src/can.c ****   {
  55:Core/Src/can.c ****     Error_Handler();
  56:Core/Src/can.c ****   }
  57:Core/Src/can.c ****   /* USER CODE BEGIN CAN1_Init 2 */
  58:Core/Src/can.c **** 
  59:Core/Src/can.c ****   /* USER CODE END CAN1_Init 2 */
  60:Core/Src/can.c **** 
  61:Core/Src/can.c **** }
  85              		.loc 1 61 1 view .LVU28
  86 0028 08BD     		pop	{r3, pc}
  87              	.L4:
  55:Core/Src/can.c ****   }
  88              		.loc 1 55 5 is_stmt 1 view .LVU29
  89 002a FFF7FEFF 		bl	Error_Handler
  90              	.LVL1:
  91              		.loc 1 61 1 is_stmt 0 view .LVU30
  92 002e FBE7     		b	.L1
  93              	.L6:
  94              		.align	2
  95              	.L5:
  96 0030 00000000 		.word	.LANCHOR0
  97 0034 00640040 		.word	1073767424
  98              		.cfi_endproc
  99              	.LFE216:
 101              		.section	.text.MX_CAN3_Init,"ax",%progbits
 102              		.align	1
 103              		.global	MX_CAN3_Init
 104              		.syntax unified
 105              		.thumb
 106              		.thumb_func
 108              	MX_CAN3_Init:
 109              	.LFB217:
  62:Core/Src/can.c **** /* CAN3 init function */
  63:Core/Src/can.c **** void MX_CAN3_Init(void)
  64:Core/Src/can.c **** {
ARM GAS  /tmp/cc0c2dXc.s 			page 4


 110              		.loc 1 64 1 is_stmt 1 view -0
 111              		.cfi_startproc
 112              		@ args = 0, pretend = 0, frame = 0
 113              		@ frame_needed = 0, uses_anonymous_args = 0
 114 0000 08B5     		push	{r3, lr}
 115              	.LCFI1:
 116              		.cfi_def_cfa_offset 8
 117              		.cfi_offset 3, -8
 118              		.cfi_offset 14, -4
  65:Core/Src/can.c **** 
  66:Core/Src/can.c ****   /* USER CODE BEGIN CAN3_Init 0 */
  67:Core/Src/can.c **** 
  68:Core/Src/can.c ****   /* USER CODE END CAN3_Init 0 */
  69:Core/Src/can.c **** 
  70:Core/Src/can.c ****   /* USER CODE BEGIN CAN3_Init 1 */
  71:Core/Src/can.c **** 
  72:Core/Src/can.c ****   /* USER CODE END CAN3_Init 1 */
  73:Core/Src/can.c ****   hcan3.Instance = CAN3;
 119              		.loc 1 73 3 view .LVU32
 120              		.loc 1 73 18 is_stmt 0 view .LVU33
 121 0002 0B48     		ldr	r0, .L11
 122 0004 0B4B     		ldr	r3, .L11+4
 123 0006 0360     		str	r3, [r0]
  74:Core/Src/can.c ****   hcan3.Init.Prescaler = 16;
 124              		.loc 1 74 3 is_stmt 1 view .LVU34
 125              		.loc 1 74 24 is_stmt 0 view .LVU35
 126 0008 1023     		movs	r3, #16
 127 000a 4360     		str	r3, [r0, #4]
  75:Core/Src/can.c ****   hcan3.Init.Mode = CAN_MODE_NORMAL;
 128              		.loc 1 75 3 is_stmt 1 view .LVU36
 129              		.loc 1 75 19 is_stmt 0 view .LVU37
 130 000c 0023     		movs	r3, #0
 131 000e 8360     		str	r3, [r0, #8]
  76:Core/Src/can.c ****   hcan3.Init.SyncJumpWidth = CAN_SJW_1TQ;
 132              		.loc 1 76 3 is_stmt 1 view .LVU38
 133              		.loc 1 76 28 is_stmt 0 view .LVU39
 134 0010 C360     		str	r3, [r0, #12]
  77:Core/Src/can.c ****   hcan3.Init.TimeSeg1 = CAN_BS1_1TQ;
 135              		.loc 1 77 3 is_stmt 1 view .LVU40
 136              		.loc 1 77 23 is_stmt 0 view .LVU41
 137 0012 0361     		str	r3, [r0, #16]
  78:Core/Src/can.c ****   hcan3.Init.TimeSeg2 = CAN_BS2_1TQ;
 138              		.loc 1 78 3 is_stmt 1 view .LVU42
 139              		.loc 1 78 23 is_stmt 0 view .LVU43
 140 0014 4361     		str	r3, [r0, #20]
  79:Core/Src/can.c ****   hcan3.Init.TimeTriggeredMode = DISABLE;
 141              		.loc 1 79 3 is_stmt 1 view .LVU44
 142              		.loc 1 79 32 is_stmt 0 view .LVU45
 143 0016 0376     		strb	r3, [r0, #24]
  80:Core/Src/can.c ****   hcan3.Init.AutoBusOff = DISABLE;
 144              		.loc 1 80 3 is_stmt 1 view .LVU46
 145              		.loc 1 80 25 is_stmt 0 view .LVU47
 146 0018 4376     		strb	r3, [r0, #25]
  81:Core/Src/can.c ****   hcan3.Init.AutoWakeUp = DISABLE;
 147              		.loc 1 81 3 is_stmt 1 view .LVU48
 148              		.loc 1 81 25 is_stmt 0 view .LVU49
 149 001a 8376     		strb	r3, [r0, #26]
ARM GAS  /tmp/cc0c2dXc.s 			page 5


  82:Core/Src/can.c ****   hcan3.Init.AutoRetransmission = DISABLE;
 150              		.loc 1 82 3 is_stmt 1 view .LVU50
 151              		.loc 1 82 33 is_stmt 0 view .LVU51
 152 001c C376     		strb	r3, [r0, #27]
  83:Core/Src/can.c ****   hcan3.Init.ReceiveFifoLocked = DISABLE;
 153              		.loc 1 83 3 is_stmt 1 view .LVU52
 154              		.loc 1 83 32 is_stmt 0 view .LVU53
 155 001e 0377     		strb	r3, [r0, #28]
  84:Core/Src/can.c ****   hcan3.Init.TransmitFifoPriority = DISABLE;
 156              		.loc 1 84 3 is_stmt 1 view .LVU54
 157              		.loc 1 84 35 is_stmt 0 view .LVU55
 158 0020 4377     		strb	r3, [r0, #29]
  85:Core/Src/can.c ****   if (HAL_CAN_Init(&hcan3) != HAL_OK)
 159              		.loc 1 85 3 is_stmt 1 view .LVU56
 160              		.loc 1 85 7 is_stmt 0 view .LVU57
 161 0022 FFF7FEFF 		bl	HAL_CAN_Init
 162              	.LVL2:
 163              		.loc 1 85 6 view .LVU58
 164 0026 00B9     		cbnz	r0, .L10
 165              	.L7:
  86:Core/Src/can.c ****   {
  87:Core/Src/can.c ****     Error_Handler();
  88:Core/Src/can.c ****   }
  89:Core/Src/can.c ****   /* USER CODE BEGIN CAN3_Init 2 */
  90:Core/Src/can.c **** 
  91:Core/Src/can.c ****   /* USER CODE END CAN3_Init 2 */
  92:Core/Src/can.c **** 
  93:Core/Src/can.c **** }
 166              		.loc 1 93 1 view .LVU59
 167 0028 08BD     		pop	{r3, pc}
 168              	.L10:
  87:Core/Src/can.c ****   }
 169              		.loc 1 87 5 is_stmt 1 view .LVU60
 170 002a FFF7FEFF 		bl	Error_Handler
 171              	.LVL3:
 172              		.loc 1 93 1 is_stmt 0 view .LVU61
 173 002e FBE7     		b	.L7
 174              	.L12:
 175              		.align	2
 176              	.L11:
 177 0030 00000000 		.word	.LANCHOR1
 178 0034 006C0040 		.word	1073769472
 179              		.cfi_endproc
 180              	.LFE217:
 182              		.section	.text.HAL_CAN_MspInit,"ax",%progbits
 183              		.align	1
 184              		.global	HAL_CAN_MspInit
 185              		.syntax unified
 186              		.thumb
 187              		.thumb_func
 189              	HAL_CAN_MspInit:
 190              	.LVL4:
 191              	.LFB218:
  94:Core/Src/can.c **** 
  95:Core/Src/can.c **** void HAL_CAN_MspInit(CAN_HandleTypeDef* canHandle)
  96:Core/Src/can.c **** {
 192              		.loc 1 96 1 is_stmt 1 view -0
ARM GAS  /tmp/cc0c2dXc.s 			page 6


 193              		.cfi_startproc
 194              		@ args = 0, pretend = 0, frame = 40
 195              		@ frame_needed = 0, uses_anonymous_args = 0
 196              		.loc 1 96 1 is_stmt 0 view .LVU63
 197 0000 00B5     		push	{lr}
 198              	.LCFI2:
 199              		.cfi_def_cfa_offset 4
 200              		.cfi_offset 14, -4
 201 0002 8BB0     		sub	sp, sp, #44
 202              	.LCFI3:
 203              		.cfi_def_cfa_offset 48
  97:Core/Src/can.c **** 
  98:Core/Src/can.c ****   GPIO_InitTypeDef GPIO_InitStruct = {0};
 204              		.loc 1 98 3 is_stmt 1 view .LVU64
 205              		.loc 1 98 20 is_stmt 0 view .LVU65
 206 0004 0023     		movs	r3, #0
 207 0006 0593     		str	r3, [sp, #20]
 208 0008 0693     		str	r3, [sp, #24]
 209 000a 0793     		str	r3, [sp, #28]
 210 000c 0893     		str	r3, [sp, #32]
 211 000e 0993     		str	r3, [sp, #36]
  99:Core/Src/can.c ****   if(canHandle->Instance==CAN1)
 212              		.loc 1 99 3 is_stmt 1 view .LVU66
 213              		.loc 1 99 15 is_stmt 0 view .LVU67
 214 0010 0368     		ldr	r3, [r0]
 215              		.loc 1 99 5 view .LVU68
 216 0012 284A     		ldr	r2, .L19
 217 0014 9342     		cmp	r3, r2
 218 0016 05D0     		beq	.L17
 100:Core/Src/can.c ****   {
 101:Core/Src/can.c ****   /* USER CODE BEGIN CAN1_MspInit 0 */
 102:Core/Src/can.c **** 
 103:Core/Src/can.c ****   /* USER CODE END CAN1_MspInit 0 */
 104:Core/Src/can.c ****     /* CAN1 clock enable */
 105:Core/Src/can.c ****     __HAL_RCC_CAN1_CLK_ENABLE();
 106:Core/Src/can.c **** 
 107:Core/Src/can.c ****     __HAL_RCC_GPIOA_CLK_ENABLE();
 108:Core/Src/can.c ****     /**CAN1 GPIO Configuration
 109:Core/Src/can.c ****     PA11     ------> CAN1_RX
 110:Core/Src/can.c ****     PA12     ------> CAN1_TX
 111:Core/Src/can.c ****     */
 112:Core/Src/can.c ****     GPIO_InitStruct.Pin = GPIO_PIN_11|GPIO_PIN_12;
 113:Core/Src/can.c ****     GPIO_InitStruct.Mode = GPIO_MODE_AF_PP;
 114:Core/Src/can.c ****     GPIO_InitStruct.Pull = GPIO_NOPULL;
 115:Core/Src/can.c ****     GPIO_InitStruct.Speed = GPIO_SPEED_FREQ_VERY_HIGH;
 116:Core/Src/can.c ****     GPIO_InitStruct.Alternate = GPIO_AF9_CAN1;
 117:Core/Src/can.c ****     HAL_GPIO_Init(GPIOA, &GPIO_InitStruct);
 118:Core/Src/can.c **** 
 119:Core/Src/can.c ****   /* USER CODE BEGIN CAN1_MspInit 1 */
 120:Core/Src/can.c **** 
 121:Core/Src/can.c ****   /* USER CODE END CAN1_MspInit 1 */
 122:Core/Src/can.c ****   }
 123:Core/Src/can.c ****   else if(canHandle->Instance==CAN3)
 219              		.loc 1 123 8 is_stmt 1 view .LVU69
 220              		.loc 1 123 10 is_stmt 0 view .LVU70
 221 0018 274A     		ldr	r2, .L19+4
 222 001a 9342     		cmp	r3, r2
ARM GAS  /tmp/cc0c2dXc.s 			page 7


 223 001c 26D0     		beq	.L18
 224              	.LVL5:
 225              	.L13:
 124:Core/Src/can.c ****   {
 125:Core/Src/can.c ****   /* USER CODE BEGIN CAN3_MspInit 0 */
 126:Core/Src/can.c **** 
 127:Core/Src/can.c ****   /* USER CODE END CAN3_MspInit 0 */
 128:Core/Src/can.c ****     /* CAN3 clock enable */
 129:Core/Src/can.c ****     __HAL_RCC_CAN3_CLK_ENABLE();
 130:Core/Src/can.c **** 
 131:Core/Src/can.c ****     __HAL_RCC_GPIOA_CLK_ENABLE();
 132:Core/Src/can.c ****     /**CAN3 GPIO Configuration
 133:Core/Src/can.c ****     PA8     ------> CAN3_RX
 134:Core/Src/can.c ****     PA15     ------> CAN3_TX
 135:Core/Src/can.c ****     */
 136:Core/Src/can.c ****     GPIO_InitStruct.Pin = GPIO_PIN_8|GPIO_PIN_15;
 137:Core/Src/can.c ****     GPIO_InitStruct.Mode = GPIO_MODE_AF_PP;
 138:Core/Src/can.c ****     GPIO_InitStruct.Pull = GPIO_NOPULL;
 139:Core/Src/can.c ****     GPIO_InitStruct.Speed = GPIO_SPEED_FREQ_VERY_HIGH;
 140:Core/Src/can.c ****     GPIO_InitStruct.Alternate = GPIO_AF11_CAN3;
 141:Core/Src/can.c ****     HAL_GPIO_Init(GPIOA, &GPIO_InitStruct);
 142:Core/Src/can.c **** 
 143:Core/Src/can.c ****   /* USER CODE BEGIN CAN3_MspInit 1 */
 144:Core/Src/can.c **** 
 145:Core/Src/can.c ****   /* USER CODE END CAN3_MspInit 1 */
 146:Core/Src/can.c ****   }
 147:Core/Src/can.c **** }
 226              		.loc 1 147 1 view .LVU71
 227 001e 0BB0     		add	sp, sp, #44
 228              	.LCFI4:
 229              		.cfi_remember_state
 230              		.cfi_def_cfa_offset 4
 231              		@ sp needed
 232 0020 5DF804FB 		ldr	pc, [sp], #4
 233              	.LVL6:
 234              	.L17:
 235              	.LCFI5:
 236              		.cfi_restore_state
 105:Core/Src/can.c **** 
 237              		.loc 1 105 5 is_stmt 1 view .LVU72
 238              	.LBB2:
 105:Core/Src/can.c **** 
 239              		.loc 1 105 5 view .LVU73
 240 0024 0021     		movs	r1, #0
 241 0026 0191     		str	r1, [sp, #4]
 105:Core/Src/can.c **** 
 242              		.loc 1 105 5 view .LVU74
 243 0028 244B     		ldr	r3, .L19+8
 244 002a 1A6C     		ldr	r2, [r3, #64]
 245 002c 42F00072 		orr	r2, r2, #33554432
 246 0030 1A64     		str	r2, [r3, #64]
 105:Core/Src/can.c **** 
 247              		.loc 1 105 5 view .LVU75
 248 0032 1A6C     		ldr	r2, [r3, #64]
 249 0034 02F00072 		and	r2, r2, #33554432
 250 0038 0192     		str	r2, [sp, #4]
 105:Core/Src/can.c **** 
ARM GAS  /tmp/cc0c2dXc.s 			page 8


 251              		.loc 1 105 5 view .LVU76
 252 003a 019A     		ldr	r2, [sp, #4]
 253              	.LBE2:
 105:Core/Src/can.c **** 
 254              		.loc 1 105 5 view .LVU77
 107:Core/Src/can.c ****     /**CAN1 GPIO Configuration
 255              		.loc 1 107 5 view .LVU78
 256              	.LBB3:
 107:Core/Src/can.c ****     /**CAN1 GPIO Configuration
 257              		.loc 1 107 5 view .LVU79
 258 003c 0291     		str	r1, [sp, #8]
 107:Core/Src/can.c ****     /**CAN1 GPIO Configuration
 259              		.loc 1 107 5 view .LVU80
 260 003e 1A6B     		ldr	r2, [r3, #48]
 261 0040 42F00102 		orr	r2, r2, #1
 262 0044 1A63     		str	r2, [r3, #48]
 107:Core/Src/can.c ****     /**CAN1 GPIO Configuration
 263              		.loc 1 107 5 view .LVU81
 264 0046 1B6B     		ldr	r3, [r3, #48]
 265 0048 03F00103 		and	r3, r3, #1
 266 004c 0293     		str	r3, [sp, #8]
 107:Core/Src/can.c ****     /**CAN1 GPIO Configuration
 267              		.loc 1 107 5 view .LVU82
 268 004e 029B     		ldr	r3, [sp, #8]
 269              	.LBE3:
 107:Core/Src/can.c ****     /**CAN1 GPIO Configuration
 270              		.loc 1 107 5 view .LVU83
 112:Core/Src/can.c ****     GPIO_InitStruct.Mode = GPIO_MODE_AF_PP;
 271              		.loc 1 112 5 view .LVU84
 112:Core/Src/can.c ****     GPIO_InitStruct.Mode = GPIO_MODE_AF_PP;
 272              		.loc 1 112 25 is_stmt 0 view .LVU85
 273 0050 4FF4C053 		mov	r3, #6144
 274 0054 0593     		str	r3, [sp, #20]
 113:Core/Src/can.c ****     GPIO_InitStruct.Pull = GPIO_NOPULL;
 275              		.loc 1 113 5 is_stmt 1 view .LVU86
 113:Core/Src/can.c ****     GPIO_InitStruct.Pull = GPIO_NOPULL;
 276              		.loc 1 113 26 is_stmt 0 view .LVU87
 277 0056 0223     		movs	r3, #2
 278 0058 0693     		str	r3, [sp, #24]
 114:Core/Src/can.c ****     GPIO_InitStruct.Speed = GPIO_SPEED_FREQ_VERY_HIGH;
 279              		.loc 1 114 5 is_stmt 1 view .LVU88
 115:Core/Src/can.c ****     GPIO_InitStruct.Alternate = GPIO_AF9_CAN1;
 280              		.loc 1 115 5 view .LVU89
 115:Core/Src/can.c ****     GPIO_InitStruct.Alternate = GPIO_AF9_CAN1;
 281              		.loc 1 115 27 is_stmt 0 view .LVU90
 282 005a 0323     		movs	r3, #3
 283 005c 0893     		str	r3, [sp, #32]
 116:Core/Src/can.c ****     HAL_GPIO_Init(GPIOA, &GPIO_InitStruct);
 284              		.loc 1 116 5 is_stmt 1 view .LVU91
 116:Core/Src/can.c ****     HAL_GPIO_Init(GPIOA, &GPIO_InitStruct);
 285              		.loc 1 116 31 is_stmt 0 view .LVU92
 286 005e 0923     		movs	r3, #9
 287 0060 0993     		str	r3, [sp, #36]
 117:Core/Src/can.c **** 
 288              		.loc 1 117 5 is_stmt 1 view .LVU93
 289 0062 05A9     		add	r1, sp, #20
 290 0064 1648     		ldr	r0, .L19+12
ARM GAS  /tmp/cc0c2dXc.s 			page 9


 291              	.LVL7:
 117:Core/Src/can.c **** 
 292              		.loc 1 117 5 is_stmt 0 view .LVU94
 293 0066 FFF7FEFF 		bl	HAL_GPIO_Init
 294              	.LVL8:
 295 006a D8E7     		b	.L13
 296              	.LVL9:
 297              	.L18:
 129:Core/Src/can.c **** 
 298              		.loc 1 129 5 is_stmt 1 view .LVU95
 299              	.LBB4:
 129:Core/Src/can.c **** 
 300              		.loc 1 129 5 view .LVU96
 301 006c 0021     		movs	r1, #0
 302 006e 0391     		str	r1, [sp, #12]
 129:Core/Src/can.c **** 
 303              		.loc 1 129 5 view .LVU97
 304 0070 124B     		ldr	r3, .L19+8
 305 0072 1A6C     		ldr	r2, [r3, #64]
 306 0074 42F00062 		orr	r2, r2, #134217728
 307 0078 1A64     		str	r2, [r3, #64]
 129:Core/Src/can.c **** 
 308              		.loc 1 129 5 view .LVU98
 309 007a 1A6C     		ldr	r2, [r3, #64]
 310 007c 02F00062 		and	r2, r2, #134217728
 311 0080 0392     		str	r2, [sp, #12]
 129:Core/Src/can.c **** 
 312              		.loc 1 129 5 view .LVU99
 313 0082 039A     		ldr	r2, [sp, #12]
 314              	.LBE4:
 129:Core/Src/can.c **** 
 315              		.loc 1 129 5 view .LVU100
 131:Core/Src/can.c ****     /**CAN3 GPIO Configuration
 316              		.loc 1 131 5 view .LVU101
 317              	.LBB5:
 131:Core/Src/can.c ****     /**CAN3 GPIO Configuration
 318              		.loc 1 131 5 view .LVU102
 319 0084 0491     		str	r1, [sp, #16]
 131:Core/Src/can.c ****     /**CAN3 GPIO Configuration
 320              		.loc 1 131 5 view .LVU103
 321 0086 1A6B     		ldr	r2, [r3, #48]
 322 0088 42F00102 		orr	r2, r2, #1
 323 008c 1A63     		str	r2, [r3, #48]
 131:Core/Src/can.c ****     /**CAN3 GPIO Configuration
 324              		.loc 1 131 5 view .LVU104
 325 008e 1B6B     		ldr	r3, [r3, #48]
 326 0090 03F00103 		and	r3, r3, #1
 327 0094 0493     		str	r3, [sp, #16]
 131:Core/Src/can.c ****     /**CAN3 GPIO Configuration
 328              		.loc 1 131 5 view .LVU105
 329 0096 049B     		ldr	r3, [sp, #16]
 330              	.LBE5:
 131:Core/Src/can.c ****     /**CAN3 GPIO Configuration
 331              		.loc 1 131 5 view .LVU106
 136:Core/Src/can.c ****     GPIO_InitStruct.Mode = GPIO_MODE_AF_PP;
 332              		.loc 1 136 5 view .LVU107
 136:Core/Src/can.c ****     GPIO_InitStruct.Mode = GPIO_MODE_AF_PP;
ARM GAS  /tmp/cc0c2dXc.s 			page 10


 333              		.loc 1 136 25 is_stmt 0 view .LVU108
 334 0098 4FF40143 		mov	r3, #33024
 335 009c 0593     		str	r3, [sp, #20]
 137:Core/Src/can.c ****     GPIO_InitStruct.Pull = GPIO_NOPULL;
 336              		.loc 1 137 5 is_stmt 1 view .LVU109
 137:Core/Src/can.c ****     GPIO_InitStruct.Pull = GPIO_NOPULL;
 337              		.loc 1 137 26 is_stmt 0 view .LVU110
 338 009e 0223     		movs	r3, #2
 339 00a0 0693     		str	r3, [sp, #24]
 138:Core/Src/can.c ****     GPIO_InitStruct.Speed = GPIO_SPEED_FREQ_VERY_HIGH;
 340              		.loc 1 138 5 is_stmt 1 view .LVU111
 139:Core/Src/can.c ****     GPIO_InitStruct.Alternate = GPIO_AF11_CAN3;
 341              		.loc 1 139 5 view .LVU112
 139:Core/Src/can.c ****     GPIO_InitStruct.Alternate = GPIO_AF11_CAN3;
 342              		.loc 1 139 27 is_stmt 0 view .LVU113
 343 00a2 0323     		movs	r3, #3
 344 00a4 0893     		str	r3, [sp, #32]
 140:Core/Src/can.c ****     HAL_GPIO_Init(GPIOA, &GPIO_InitStruct);
 345              		.loc 1 140 5 is_stmt 1 view .LVU114
 140:Core/Src/can.c ****     HAL_GPIO_Init(GPIOA, &GPIO_InitStruct);
 346              		.loc 1 140 31 is_stmt 0 view .LVU115
 347 00a6 0B23     		movs	r3, #11
 348 00a8 0993     		str	r3, [sp, #36]
 141:Core/Src/can.c **** 
 349              		.loc 1 141 5 is_stmt 1 view .LVU116
 350 00aa 05A9     		add	r1, sp, #20
 351 00ac 0448     		ldr	r0, .L19+12
 352              	.LVL10:
 141:Core/Src/can.c **** 
 353              		.loc 1 141 5 is_stmt 0 view .LVU117
 354 00ae FFF7FEFF 		bl	HAL_GPIO_Init
 355              	.LVL11:
 356              		.loc 1 147 1 view .LVU118
 357 00b2 B4E7     		b	.L13
 358              	.L20:
 359              		.align	2
 360              	.L19:
 361 00b4 00640040 		.word	1073767424
 362 00b8 006C0040 		.word	1073769472
 363 00bc 00380240 		.word	1073887232
 364 00c0 00000240 		.word	1073872896
 365              		.cfi_endproc
 366              	.LFE218:
 368              		.section	.text.HAL_CAN_MspDeInit,"ax",%progbits
 369              		.align	1
 370              		.global	HAL_CAN_MspDeInit
 371              		.syntax unified
 372              		.thumb
 373              		.thumb_func
 375              	HAL_CAN_MspDeInit:
 376              	.LVL12:
 377              	.LFB219:
 148:Core/Src/can.c **** 
 149:Core/Src/can.c **** void HAL_CAN_MspDeInit(CAN_HandleTypeDef* canHandle)
 150:Core/Src/can.c **** {
 378              		.loc 1 150 1 is_stmt 1 view -0
 379              		.cfi_startproc
ARM GAS  /tmp/cc0c2dXc.s 			page 11


 380              		@ args = 0, pretend = 0, frame = 0
 381              		@ frame_needed = 0, uses_anonymous_args = 0
 382              		.loc 1 150 1 is_stmt 0 view .LVU120
 383 0000 08B5     		push	{r3, lr}
 384              	.LCFI6:
 385              		.cfi_def_cfa_offset 8
 386              		.cfi_offset 3, -8
 387              		.cfi_offset 14, -4
 151:Core/Src/can.c **** 
 152:Core/Src/can.c ****   if(canHandle->Instance==CAN1)
 388              		.loc 1 152 3 is_stmt 1 view .LVU121
 389              		.loc 1 152 15 is_stmt 0 view .LVU122
 390 0002 0368     		ldr	r3, [r0]
 391              		.loc 1 152 5 view .LVU123
 392 0004 0F4A     		ldr	r2, .L27
 393 0006 9342     		cmp	r3, r2
 394 0008 03D0     		beq	.L25
 153:Core/Src/can.c ****   {
 154:Core/Src/can.c ****   /* USER CODE BEGIN CAN1_MspDeInit 0 */
 155:Core/Src/can.c **** 
 156:Core/Src/can.c ****   /* USER CODE END CAN1_MspDeInit 0 */
 157:Core/Src/can.c ****     /* Peripheral clock disable */
 158:Core/Src/can.c ****     __HAL_RCC_CAN1_CLK_DISABLE();
 159:Core/Src/can.c **** 
 160:Core/Src/can.c ****     /**CAN1 GPIO Configuration
 161:Core/Src/can.c ****     PA11     ------> CAN1_RX
 162:Core/Src/can.c ****     PA12     ------> CAN1_TX
 163:Core/Src/can.c ****     */
 164:Core/Src/can.c ****     HAL_GPIO_DeInit(GPIOA, GPIO_PIN_11|GPIO_PIN_12);
 165:Core/Src/can.c **** 
 166:Core/Src/can.c ****   /* USER CODE BEGIN CAN1_MspDeInit 1 */
 167:Core/Src/can.c **** 
 168:Core/Src/can.c ****   /* USER CODE END CAN1_MspDeInit 1 */
 169:Core/Src/can.c ****   }
 170:Core/Src/can.c ****   else if(canHandle->Instance==CAN3)
 395              		.loc 1 170 8 is_stmt 1 view .LVU124
 396              		.loc 1 170 10 is_stmt 0 view .LVU125
 397 000a 0F4A     		ldr	r2, .L27+4
 398 000c 9342     		cmp	r3, r2
 399 000e 0CD0     		beq	.L26
 400              	.LVL13:
 401              	.L21:
 171:Core/Src/can.c ****   {
 172:Core/Src/can.c ****   /* USER CODE BEGIN CAN3_MspDeInit 0 */
 173:Core/Src/can.c **** 
 174:Core/Src/can.c ****   /* USER CODE END CAN3_MspDeInit 0 */
 175:Core/Src/can.c ****     /* Peripheral clock disable */
 176:Core/Src/can.c ****     __HAL_RCC_CAN3_CLK_DISABLE();
 177:Core/Src/can.c **** 
 178:Core/Src/can.c ****     /**CAN3 GPIO Configuration
 179:Core/Src/can.c ****     PA8     ------> CAN3_RX
 180:Core/Src/can.c ****     PA15     ------> CAN3_TX
 181:Core/Src/can.c ****     */
 182:Core/Src/can.c ****     HAL_GPIO_DeInit(GPIOA, GPIO_PIN_8|GPIO_PIN_15);
 183:Core/Src/can.c **** 
 184:Core/Src/can.c ****   /* USER CODE BEGIN CAN3_MspDeInit 1 */
 185:Core/Src/can.c **** 
ARM GAS  /tmp/cc0c2dXc.s 			page 12


 186:Core/Src/can.c ****   /* USER CODE END CAN3_MspDeInit 1 */
 187:Core/Src/can.c ****   }
 188:Core/Src/can.c **** }
 402              		.loc 1 188 1 view .LVU126
 403 0010 08BD     		pop	{r3, pc}
 404              	.LVL14:
 405              	.L25:
 158:Core/Src/can.c **** 
 406              		.loc 1 158 5 is_stmt 1 view .LVU127
 407 0012 02F5EA32 		add	r2, r2, #119808
 408 0016 136C     		ldr	r3, [r2, #64]
 409 0018 23F00073 		bic	r3, r3, #33554432
 410 001c 1364     		str	r3, [r2, #64]
 164:Core/Src/can.c **** 
 411              		.loc 1 164 5 view .LVU128
 412 001e 4FF4C051 		mov	r1, #6144
 413 0022 0A48     		ldr	r0, .L27+8
 414              	.LVL15:
 164:Core/Src/can.c **** 
 415              		.loc 1 164 5 is_stmt 0 view .LVU129
 416 0024 FFF7FEFF 		bl	HAL_GPIO_DeInit
 417              	.LVL16:
 418 0028 F2E7     		b	.L21
 419              	.LVL17:
 420              	.L26:
 176:Core/Src/can.c **** 
 421              		.loc 1 176 5 is_stmt 1 view .LVU130
 422 002a 02F5E632 		add	r2, r2, #117760
 423 002e 136C     		ldr	r3, [r2, #64]
 424 0030 23F00063 		bic	r3, r3, #134217728
 425 0034 1364     		str	r3, [r2, #64]
 182:Core/Src/can.c **** 
 426              		.loc 1 182 5 view .LVU131
 427 0036 4FF40141 		mov	r1, #33024
 428 003a 0448     		ldr	r0, .L27+8
 429              	.LVL18:
 182:Core/Src/can.c **** 
 430              		.loc 1 182 5 is_stmt 0 view .LVU132
 431 003c FFF7FEFF 		bl	HAL_GPIO_DeInit
 432              	.LVL19:
 433              		.loc 1 188 1 view .LVU133
 434 0040 E6E7     		b	.L21
 435              	.L28:
 436 0042 00BF     		.align	2
 437              	.L27:
 438 0044 00640040 		.word	1073767424
 439 0048 006C0040 		.word	1073769472
 440 004c 00000240 		.word	1073872896
 441              		.cfi_endproc
 442              	.LFE219:
 444              		.global	hcan3
 445              		.global	hcan1
 446              		.section	.bss.hcan1,"aw",%nobits
 447              		.align	2
 448              		.set	.LANCHOR0,. + 0
 451              	hcan1:
 452 0000 00000000 		.space	40
ARM GAS  /tmp/cc0c2dXc.s 			page 13


 452      00000000 
 452      00000000 
 452      00000000 
 452      00000000 
 453              		.section	.bss.hcan3,"aw",%nobits
 454              		.align	2
 455              		.set	.LANCHOR1,. + 0
 458              	hcan3:
 459 0000 00000000 		.space	40
 459      00000000 
 459      00000000 
 459      00000000 
 459      00000000 
 460              		.text
 461              	.Letext0:
 462              		.file 2 "/usr/share/arm-gnu-toolchain-11.3.rel1-x86_64-arm-none-eabi/arm-none-eabi/include/machine
 463              		.file 3 "/usr/share/arm-gnu-toolchain-11.3.rel1-x86_64-arm-none-eabi/arm-none-eabi/include/sys/_st
 464              		.file 4 "Drivers/CMSIS/Device/ST/STM32F4xx/Include/stm32f413xx.h"
 465              		.file 5 "Drivers/CMSIS/Device/ST/STM32F4xx/Include/stm32f4xx.h"
 466              		.file 6 "Drivers/STM32F4xx_HAL_Driver/Inc/stm32f4xx_hal_def.h"
 467              		.file 7 "Drivers/STM32F4xx_HAL_Driver/Inc/stm32f4xx_hal_gpio.h"
 468              		.file 8 "Drivers/STM32F4xx_HAL_Driver/Inc/stm32f4xx_hal_can.h"
 469              		.file 9 "Core/Inc/can.h"
 470              		.file 10 "Core/Inc/main.h"
ARM GAS  /tmp/cc0c2dXc.s 			page 14


DEFINED SYMBOLS
                            *ABS*:0000000000000000 can.c
     /tmp/cc0c2dXc.s:20     .text.MX_CAN1_Init:0000000000000000 $t
     /tmp/cc0c2dXc.s:26     .text.MX_CAN1_Init:0000000000000000 MX_CAN1_Init
     /tmp/cc0c2dXc.s:96     .text.MX_CAN1_Init:0000000000000030 $d
     /tmp/cc0c2dXc.s:102    .text.MX_CAN3_Init:0000000000000000 $t
     /tmp/cc0c2dXc.s:108    .text.MX_CAN3_Init:0000000000000000 MX_CAN3_Init
     /tmp/cc0c2dXc.s:177    .text.MX_CAN3_Init:0000000000000030 $d
     /tmp/cc0c2dXc.s:183    .text.HAL_CAN_MspInit:0000000000000000 $t
     /tmp/cc0c2dXc.s:189    .text.HAL_CAN_MspInit:0000000000000000 HAL_CAN_MspInit
     /tmp/cc0c2dXc.s:361    .text.HAL_CAN_MspInit:00000000000000b4 $d
     /tmp/cc0c2dXc.s:369    .text.HAL_CAN_MspDeInit:0000000000000000 $t
     /tmp/cc0c2dXc.s:375    .text.HAL_CAN_MspDeInit:0000000000000000 HAL_CAN_MspDeInit
     /tmp/cc0c2dXc.s:438    .text.HAL_CAN_MspDeInit:0000000000000044 $d
     /tmp/cc0c2dXc.s:458    .bss.hcan3:0000000000000000 hcan3
     /tmp/cc0c2dXc.s:451    .bss.hcan1:0000000000000000 hcan1
     /tmp/cc0c2dXc.s:447    .bss.hcan1:0000000000000000 $d
     /tmp/cc0c2dXc.s:454    .bss.hcan3:0000000000000000 $d

UNDEFINED SYMBOLS
HAL_CAN_Init
Error_Handler
HAL_GPIO_Init
HAL_GPIO_DeInit
